<?xml version="1.0" encoding="UTF-8"?>
<testng-results ignored="0" total="1" passed="1" failed="0" skipped="0">
  <reporter-output>
  </reporter-output>
  <suite started-at="2022-03-08T19:26:12 IST" name="Default suite" finished-at="2022-03-08T19:26:17 IST" duration-ms="5299">
    <groups>
    </groups>
    <test started-at="2022-03-08T19:26:12 IST" name="Default test" finished-at="2022-03-08T19:26:17 IST" duration-ms="5299">
      <class name="request_Parameters.Extract_Response_Cookie">
        <test-method signature="Extract_Response_Cookie_demo()[pri:0, instance:request_Parameters.Extract_Response_Cookie@68c72235]" started-at="2022-03-08T19:26:12 IST" name="Extract_Response_Cookie_demo" finished-at="2022-03-08T19:26:17 IST" duration-ms="5218" status="PASS">
          <reporter-output>
          </reporter-output>
        </test-method> <!-- Extract_Response_Cookie_demo -->
      </class> <!-- request_Parameters.Extract_Response_Cookie -->
    </test> <!-- Default test -->
  </suite> <!-- Default suite -->
</testng-results>
